2025-02-26 20:30:42.221 [info] Reading sessions from keychain...
2025-02-26 20:30:42.221 [info] Getting sessions for all scopes...
2025-02-26 20:30:42.221 [info] Got 0 sessions for ...
2025-02-26 20:30:42.221 [info] Getting sessions for all scopes...
2025-02-26 20:30:42.221 [info] Got 0 sessions for ...
2025-02-26 20:30:42.221 [info] Getting sessions for all scopes...
2025-02-26 20:30:42.221 [info] Got 0 sessions for ...
2025-02-26 20:30:42.221 [info] Getting sessions for all scopes...
2025-02-26 20:30:42.221 [info] Got 0 sessions for ...
2025-02-26 20:30:42.221 [info] Getting sessions for all scopes...
2025-02-26 20:30:42.221 [info] Got 0 sessions for ...
2025-02-26 20:30:42.221 [info] Getting sessions for all scopes...
2025-02-26 20:30:42.222 [info] Got 0 sessions for ...
2025-02-26 20:30:42.223 [info] Getting sessions for all scopes...
2025-02-26 20:30:42.223 [info] Got 0 sessions for ...
2025-02-26 20:30:42.223 [info] Getting sessions for all scopes...
2025-02-26 20:30:42.223 [info] Got 0 sessions for ...
2025-02-26 20:31:00.756 [info] Reading sessions from keychain...
2025-02-26 20:31:00.756 [info] Getting sessions for all scopes...
2025-02-26 20:31:00.756 [info] Getting sessions for all scopes...
2025-02-26 20:31:00.756 [info] Getting sessions for all scopes...
2025-02-26 20:31:00.756 [info] Got 0 sessions for ...
2025-02-26 20:31:00.756 [info] Got 0 sessions for ...
2025-02-26 20:31:00.756 [info] Got 0 sessions for ...
2025-02-26 20:31:00.756 [info] Getting sessions for all scopes...
2025-02-26 20:31:00.757 [info] Got 0 sessions for ...
2025-02-26 20:31:00.757 [info] Getting sessions for all scopes...
2025-02-26 20:31:00.757 [info] Got 0 sessions for ...
2025-02-26 20:31:00.757 [info] Getting sessions for all scopes...
2025-02-26 20:31:00.757 [info] Got 0 sessions for ...
2025-02-26 20:31:00.757 [info] Getting sessions for all scopes...
2025-02-26 20:31:00.757 [info] Got 0 sessions for ...
2025-02-26 20:31:00.757 [info] Getting sessions for all scopes...
2025-02-26 20:31:00.757 [info] Got 0 sessions for ...
2025-02-26 20:31:15.750 [info] Getting sessions for read:user,repo,user:email...
2025-02-26 20:31:15.750 [info] Got 0 sessions for read:user,repo,user:email...
2025-02-26 20:31:15.750 [info] Getting sessions for read:user,repo,user:email,workflow...
2025-02-26 20:31:15.751 [info] Got 0 sessions for read:user,repo,user:email,workflow...
2025-02-26 20:31:15.751 [info] Getting sessions for all scopes...
2025-02-26 20:31:15.751 [info] Got 0 sessions for ...
2025-02-26 20:31:15.752 [info] Getting sessions for all scopes...
2025-02-26 20:31:15.752 [info] Got 0 sessions for ...
2025-02-26 20:31:17.966 [info] Getting sessions for read:user...
2025-02-26 20:31:17.967 [info] Got 0 sessions for read:user...
2025-02-26 20:31:17.967 [info] Getting sessions for user:email...
2025-02-26 20:31:17.967 [info] Got 0 sessions for user:email...
2025-02-26 20:31:17.968 [info] Getting sessions for read:user,repo,user:email,workflow...
2025-02-26 20:31:17.968 [info] Got 0 sessions for read:user,repo,user:email,workflow...
2025-02-26 20:31:18.207 [info] Getting sessions for user:email...
2025-02-26 20:31:18.207 [info] Got 0 sessions for user:email...
2025-02-26 20:31:18.208 [info] Getting sessions for all scopes...
2025-02-26 20:31:18.208 [info] Got 0 sessions for ...
2025-02-26 20:31:18.208 [info] Getting sessions for all scopes...
2025-02-26 20:31:18.208 [info] Got 0 sessions for ...
2025-02-26 20:31:18.792 [info] Getting sessions for user:email...
2025-02-26 20:31:18.793 [info] Got 0 sessions for user:email...
2025-02-26 20:31:18.859 [info] Getting sessions for all scopes...
2025-02-26 20:31:18.859 [info] Got 0 sessions for ...
2025-02-26 20:31:18.944 [info] Getting sessions for user:email...
2025-02-26 20:31:18.944 [info] Got 0 sessions for user:email...
2025-02-26 20:31:19.047 [info] Getting sessions for all scopes...
2025-02-26 20:31:19.048 [info] Got 0 sessions for ...
2025-02-26 20:31:19.050 [info] Getting sessions for user:email...
2025-02-26 20:31:19.050 [info] Got 0 sessions for user:email...
2025-02-26 20:31:19.051 [info] Getting sessions for all scopes...
2025-02-26 20:31:19.052 [info] Got 0 sessions for ...
2025-02-26 20:31:19.053 [info] Getting sessions for user:email...
2025-02-26 20:31:19.053 [info] Got 0 sessions for user:email...
